<?xml version="1.0" encoding="UTF-8"?>
<!-- Generated by org.testng.reporters.JUnitXMLReporter -->
<testsuite ignored="0" hostname="DESKTOP-0RK0AAB" failures="1" tests="1" name="chrometest" time="31.608" errors="0" timestamp="2026-05-21T01:24:52 IST">
  <testcase classname="testBase.BaseClass" name="@AfterClass teardown" time="0.758">
    <failure type="org.openqa.selenium.WebDriverException" message="Timed out waiting for driver server to stop.
Build info: version: &amp;apos;4.41.0&amp;apos;, revision: &amp;apos;9fc754f&amp;apos;
System info: os.name: &amp;apos;Windows 10&amp;apos;, os.arch: &amp;apos;amd64&amp;apos;, os.version: &amp;apos;10.0&amp;apos;, java.version: &amp;apos;21.0.1&amp;apos;
Driver info: org.openqa.selenium.edge.EdgeDriver
Command: [110dc141ab1ca1dda5c5275ed9aeeecf, quit {}]
Capabilities {acceptInsecureCerts: false, browserName: MicrosoftEdge, browserVersion: 148.0.3967.70, fedcm:accounts: true, goog:processID: 22168, ms:edgeOptions: {debuggerAddress: localhost:62202}, msedge: {msedgedriverVersion: 148.0.3967.70 (8956564be045..., userDataDir: C:\Users\hp\AppData\Local\T...}, networkConnectionEnabled: false, pageLoadStrategy: normal, platformName: windows, proxy: Proxy(), se:cdp: ws://localhost:62202/devtoo..., se:cdpVersion: 148.0.3967.70, setWindowRect: true, strictFileInteractability: false, timeouts: {implicit: 0, pageLoad: 300000, script: 30000}, unhandledPromptBehavior: dismiss and notify, webauthn:extension:credBlob: true, webauthn:extension:largeBlob: true, webauthn:extension:minPinLength: true, webauthn:extension:prf: true, webauthn:virtualAuthenticators: true}">
      <![CDATA[org.openqa.selenium.WebDriverException: Timed out waiting for driver server to stop.
Build info: version: '4.41.0', revision: '9fc754f'
System info: os.name: 'Windows 10', os.arch: 'amd64', os.version: '10.0', java.version: '21.0.1'
Driver info: org.openqa.selenium.edge.EdgeDriver
Command: [110dc141ab1ca1dda5c5275ed9aeeecf, quit {}]
Capabilities {acceptInsecureCerts: false, browserName: MicrosoftEdge, browserVersion: 148.0.3967.70, fedcm:accounts: true, goog:processID: 22168, ms:edgeOptions: {debuggerAddress: localhost:62202}, msedge: {msedgedriverVersion: 148.0.3967.70 (8956564be045..., userDataDir: C:\Users\hp\AppData\Local\T...}, networkConnectionEnabled: false, pageLoadStrategy: normal, platformName: windows, proxy: Proxy(), se:cdp: ws://localhost:62202/devtoo..., se:cdpVersion: 148.0.3967.70, setWindowRect: true, strictFileInteractability: false, timeouts: {implicit: 0, pageLoad: 300000, script: 30000}, unhandledPromptBehavior: dismiss and notify, webauthn:extension:credBlob: true, webauthn:extension:largeBlob: true, webauthn:extension:minPinLength: true, webauthn:extension:prf: true, webauthn:virtualAuthenticators: true}
at org.openqa.selenium.remote.service.DriverCommandExecutor.execute(DriverCommandExecutor.java:164)
at org.openqa.selenium.remote.RemoteWebDriver.execute(RemoteWebDriver.java:604)
at org.openqa.selenium.remote.RemoteWebDriver.execute(RemoteWebDriver.java:686)
at org.openqa.selenium.remote.RemoteWebDriver.execute(RemoteWebDriver.java:690)
at org.openqa.selenium.remote.RemoteWebDriver.quit(RemoteWebDriver.java:505)
at org.openqa.selenium.chromium.ChromiumDriver.quit(ChromiumDriver.java:421)
at testBase.BaseClass.teardown(BaseClass.java:97)
at java.base/java.util.ArrayList.forEach(ArrayList.java:1596)
at java.base/java.util.concurrent.FutureTask.run(FutureTask.java:317)
at java.base/java.util.concurrent.ThreadPoolExecutor.runWorker(ThreadPoolExecutor.java:1144)
at java.base/java.util.concurrent.ThreadPoolExecutor$Worker.run(ThreadPoolExecutor.java:642)
at java.base/java.lang.Thread.run(Thread.java:1583)
Caused by: java.util.concurrent.ExecutionException: java.util.concurrent.RejectedExecutionException: Task java.util.concurrent.FutureTask@2a1f7783[Not completed, task = java.util.concurrent.Executors$RunnableAdapter@6b227db8[Wrapped task = org.openqa.selenium.remote.http.jdk.JdkHttpClient$$Lambda/0x000002145c2a2238@6f1de404]] rejected from java.util.concurrent.ThreadPoolExecutor@8e607bc[Terminated, pool size = 0, active threads = 0, queued tasks = 0, completed tasks = 121]
at java.base/java.util.concurrent.CompletableFuture.reportGet(CompletableFuture.java:396)
at java.base/java.util.concurrent.CompletableFuture.get(CompletableFuture.java:2096)
at org.openqa.selenium.remote.service.DriverCommandExecutor.execute(DriverCommandExecutor.java:160)
... 25 more
Caused by: java.util.concurrent.RejectedExecutionException: Task java.util.concurrent.FutureTask@2a1f7783[Not completed, task = java.util.concurrent.Executors$RunnableAdapter@6b227db8[Wrapped task = org.openqa.selenium.remote.http.jdk.JdkHttpClient$$Lambda/0x000002145c2a2238@6f1de404]] rejected from java.util.concurrent.ThreadPoolExecutor@8e607bc[Terminated, pool size = 0, active threads = 0, queued tasks = 0, completed tasks = 121]
at java.base/java.util.concurrent.ThreadPoolExecutor$AbortPolicy.rejectedExecution(ThreadPoolExecutor.java:2081)
at java.base/java.util.concurrent.ThreadPoolExecutor.reject(ThreadPoolExecutor.java:841)
at java.base/java.util.concurrent.ThreadPoolExecutor.execute(ThreadPoolExecutor.java:1376)
at java.base/java.util.concurrent.AbstractExecutorService.submit(AbstractExecutorService.java:123)
at org.openqa.selenium.remote.http.jdk.JdkHttpClient.executeAsync(JdkHttpClient.java:386)
at org.openqa.selenium.remote.http.jdk.JdkHttpClient.execute(JdkHttpClient.java:415)
at org.openqa.selenium.remote.HttpCommandExecutor.execute(HttpCommandExecutor.java:220)
at org.openqa.selenium.remote.service.DriverCommandExecutor.invokeExecute(DriverCommandExecutor.java:216)
at org.openqa.selenium.remote.service.DriverCommandExecutor.lambda$execute$1(DriverCommandExecutor.java:126)
at java.base/java.util.concurrent.CompletableFuture$AsyncSupply.run(CompletableFuture.java:1768)
... 3 more
... Removed 14 stack frames]]>
    </failure>
  </testcase> <!-- @AfterClass teardown -->
  <testcase classname="testCases.TC001_AccountRegistrationTest" name="verify_account_registration" time="11.161">
    <failure type="java.lang.AssertionError" message="null">
      <![CDATA[java.lang.AssertionError: null
at testCases.TC001_AccountRegistrationTest.verify_account_registration(TC001_AccountRegistrationTest.java:61)
at java.base/java.util.ArrayList.forEach(ArrayList.java:1596)
at java.base/java.util.concurrent.FutureTask.run(FutureTask.java:317)
at java.base/java.util.concurrent.ThreadPoolExecutor.runWorker(ThreadPoolExecutor.java:1144)
at java.base/java.util.concurrent.ThreadPoolExecutor$Worker.run(ThreadPoolExecutor.java:642)
at java.base/java.lang.Thread.run(Thread.java:1583)
... Removed 17 stack frames]]>
    </failure>
  </testcase> <!-- verify_account_registration -->
</testsuite> <!-- chrometest -->
